# JRE version: Java(TM) SE Runtime Environment (8.0_261-b12) (build 1.8.0_261-b12)
# Java VM: Java HotSpot(TM) 64-Bit Server VM (25.261-b12 mixed mode windows-amd64 compressed oops)
Heap:
 PSYoungGen      total 435200K, used 50227K [0x0000000780000000, 0x00000007a6000000, 0x00000007c0000000)
  eden space 355840K, 10% used [0x0000000780000000,0x00000007825bdbe8,0x0000000795b80000)
  from space 79360K, 14% used [0x0000000795b80000,0x00000007966cf1d8,0x000000079a900000)
  to   space 77312K, 0% used [0x00000007a1480000,0x00000007a1480000,0x00000007a6000000)
 ParOldGen       total 232448K, used 172861K [0x0000000700000000, 0x000000070e300000, 0x0000000780000000)
  object space 232448K, 74% used [0x0000000700000000,0x000000070a8cf598,0x000000070e300000)
 Metaspace       used 75830K, capacity 80866K, committed 81112K, reserved 1118208K
  class space    used 10660K, capacity 11491K, committed 11520K, reserved 1048576K
GC Heap History (10 events):
Event: 25.096 GC heap before
{Heap before GC invocations=16 (full 3):
 PSYoungGen      total 238592K, used 236221K [0x0000000780000000, 0x0000000790000000, 0x00000007c0000000)
  eden space 223232K, 100% used [0x0000000780000000,0x000000078da00000,0x000000078da00000)
  from space 15360K, 84% used [0x000000078f100000,0x000000078fdaf598,0x0000000790000000)
  to   space 19456K, 0% used [0x000000078da00000,0x000000078da00000,0x000000078ed00000)
 ParOldGen       total 232448K, used 31553K [0x0000000700000000, 0x000000070e300000, 0x0000000780000000)
  object space 232448K, 13% used [0x0000000700000000,0x0000000701ed0760,0x000000070e300000)
 Metaspace       used 66935K, capacity 70966K, committed 71128K, reserved 1110016K
  class space    used 9452K, capacity 10160K, committed 10240K, reserved 1048576K
Event: 25.135 GC heap after
Heap after GC invocations=16 (full 3):
 PSYoungGen      total 242688K, used 19454K [0x0000000780000000, 0x0000000794f80000, 0x00000007c0000000)
  eden space 223232K, 0% used [0x0000000780000000,0x0000000780000000,0x000000078da00000)
  from space 19456K, 99% used [0x000000078da00000,0x000000078ecff8e0,0x000000078ed00000)
  to   space 34304K, 0% used [0x0000000792e00000,0x0000000792e00000,0x0000000794f80000)
 ParOldGen       total 232448K, used 65696K [0x0000000700000000, 0x000000070e300000, 0x0000000780000000)
  object space 232448K, 28% used [0x0000000700000000,0x0000000704028258,0x000000070e300000)
 Metaspace       used 66935K, capacity 70966K, committed 71128K, reserved 1110016K
  class space    used 9452K, capacity 10160K, committed 10240K, reserved 1048576K
}
Event: 25.663 GC heap before
{Heap before GC invocations=17 (full 3):
 PSYoungGen      total 242688K, used 242686K [0x0000000780000000, 0x0000000794f80000, 0x00000007c0000000)
  eden space 223232K, 100% used [0x0000000780000000,0x000000078da00000,0x000000078da00000)
  from space 19456K, 99% used [0x000000078da00000,0x000000078ecff8e0,0x000000078ed00000)
  to   space 34304K, 0% used [0x0000000792e00000,0x0000000792e00000,0x0000000794f80000)
 ParOldGen       total 232448K, used 65696K [0x0000000700000000, 0x000000070e300000, 0x0000000780000000)
  object space 232448K, 28% used [0x0000000700000000,0x0000000704028258,0x000000070e300000)
 Metaspace       used 67113K, capacity 71158K, committed 71384K, reserved 1110016K
  class space    used 9467K, capacity 10172K, committed 10240K, reserved 1048576K
Event: 25.774 GC heap after
Heap after GC invocations=17 (full 3):
 PSYoungGen      total 272384K, used 34302K [0x0000000780000000, 0x000000079cb80000, 0x00000007c0000000)
  eden space 238080K, 0% used [0x0000000780000000,0x0000000780000000,0x000000078e880000)
  from space 34304K, 99% used [0x0000000792e00000,0x0000000794f7f908,0x0000000794f80000)
  to   space 71168K, 0% used [0x000000078e880000,0x000000078e880000,0x0000000792e00000)
 ParOldGen       total 232448K, used 150899K [0x0000000700000000, 0x000000070e300000, 0x0000000780000000)
  object space 232448K, 64% used [0x0000000700000000,0x000000070935cc20,0x000000070e300000)
 Metaspace       used 67113K, capacity 71158K, committed 71384K, reserved 1110016K
  class space    used 9467K, capacity 10172K, committed 10240K, reserved 1048576K
}
Event: 26.012 GC heap before
{Heap before GC invocations=18 (full 3):
 PSYoungGen      total 272384K, used 272382K [0x0000000780000000, 0x000000079cb80000, 0x00000007c0000000)
  eden space 238080K, 100% used [0x0000000780000000,0x000000078e880000,0x000000078e880000)
  from space 34304K, 99% used [0x0000000792e00000,0x0000000794f7f908,0x0000000794f80000)
  to   space 71168K, 0% used [0x000000078e880000,0x000000078e880000,0x0000000792e00000)
 ParOldGen       total 232448K, used 150899K [0x0000000700000000, 0x000000070e300000, 0x0000000780000000)
  object space 232448K, 64% used [0x0000000700000000,0x000000070935cc20,0x000000070e300000)
 Metaspace       used 67198K, capacity 71234K, committed 71384K, reserved 1110016K
  class space    used 9467K, capacity 10172K, committed 10240K, reserved 1048576K
Event: 26.063 GC heap after
Heap after GC invocations=18 (full 3):
 PSYoungGen      total 309248K, used 69716K [0x0000000780000000, 0x00000007a0180000, 0x00000007c0000000)
  eden space 238080K, 0% used [0x0000000780000000,0x0000000780000000,0x000000078e880000)
  from space 71168K, 97% used [0x000000078e880000,0x0000000792c95350,0x0000000792e00000)
  to   space 82944K, 0% used [0x000000079b080000,0x000000079b080000,0x00000007a0180000)
 ParOldGen       total 232448K, used 150899K [0x0000000700000000, 0x000000070e300000, 0x0000000780000000)
  object space 232448K, 64% used [0x0000000700000000,0x000000070935cc20,0x000000070e300000)
 Metaspace       used 67198K, capacity 71234K, committed 71384K, reserved 1110016K
  class space    used 9467K, capacity 10172K, committed 10240K, reserved 1048576K
}
Event: 27.855 GC heap before
{Heap before GC invocations=19 (full 3):
 PSYoungGen      total 309248K, used 307796K [0x0000000780000000, 0x00000007a0180000, 0x00000007c0000000)
  eden space 238080K, 100% used [0x0000000780000000,0x000000078e880000,0x000000078e880000)
  from space 71168K, 97% used [0x000000078e880000,0x0000000792c95350,0x0000000792e00000)
  to   space 82944K, 0% used [0x000000079b080000,0x000000079b080000,0x00000007a0180000)
 ParOldGen       total 232448K, used 150899K [0x0000000700000000, 0x000000070e300000, 0x0000000780000000)
  object space 232448K, 64% used [0x0000000700000000,0x000000070935cc20,0x000000070e300000)
 Metaspace       used 70621K, capacity 75184K, committed 75480K, reserved 1114112K
  class space    used 9906K, capacity 10705K, committed 10752K, reserved 1048576K
Event: 27.885 GC heap after
Heap after GC invocations=19 (full 3):
 PSYoungGen      total 427520K, used 18486K [0x0000000780000000, 0x000000079f680000, 0x00000007c0000000)
  eden space 355840K, 0% used [0x0000000780000000,0x0000000780000000,0x0000000795b80000)
  from space 71680K, 25% used [0x000000079b080000,0x000000079c28d800,0x000000079f680000)
  to   space 79360K, 0% used [0x0000000795b80000,0x0000000795b80000,0x000000079a900000)
 ParOldGen       total 232448K, used 159737K [0x0000000700000000, 0x000000070e300000, 0x0000000780000000)
  object space 232448K, 68% used [0x0000000700000000,0x0000000709bfe440,0x000000070e300000)
 Metaspace       used 70621K, capacity 75184K, committed 75480K, reserved 1114112K
  class space    used 9906K, capacity 10705K, committed 10752K, reserved 1048576K
}
Event: 30.682 GC heap before
{Heap before GC invocations=20 (full 3):
 PSYoungGen      total 427520K, used 374114K [0x0000000780000000, 0x000000079f680000, 0x00000007c0000000)
  eden space 355840K, 99% used [0x0000000780000000,0x0000000795b4b1a0,0x0000000795b80000)
  from space 71680K, 25% used [0x000000079b080000,0x000000079c28d800,0x000000079f680000)
  to   space 79360K, 0% used [0x0000000795b80000,0x0000000795b80000,0x000000079a900000)
 ParOldGen       total 232448K, used 159737K [0x0000000700000000, 0x000000070e300000, 0x0000000780000000)
  object space 232448K, 68% used [0x0000000700000000,0x0000000709bfe440,0x000000070e300000)
 Metaspace       used 75815K, capacity 80866K, committed 81112K, reserved 1118208K
  class space    used 10660K, capacity 11491K, committed 11520K, reserved 1048576K
Event: 30.710 GC heap after
Heap after GC invocations=20 (full 3):
 PSYoungGen      total 435200K, used 11580K [0x0000000780000000, 0x00000007a6000000, 0x00000007c0000000)
  eden space 355840K, 0% used [0x0000000780000000,0x0000000780000000,0x0000000795b80000)
  from space 79360K, 14% used [0x0000000795b80000,0x00000007966cf1d8,0x000000079a900000)
  to   space 77312K, 0% used [0x00000007a1480000,0x00000007a1480000,0x00000007a6000000)
 ParOldGen       total 232448K, used 172861K [0x0000000700000000, 0x000000070e300000, 0x0000000780000000)
  object space 232448K, 74% used [0x0000000700000000,0x000000070a8cf598,0x000000070e300000)
 Metaspace       used 75815K, capacity 80866K, committed 81112K, reserved 1118208K
  class space    used 10660K, capacity 11491K, committed 11520K, reserved 1048576K
}

